<?xml version="1.0" encoding="UTF-8"?>
<!-- Generated by org.testng.reporters.JUnitXMLReporter -->
<testsuite hostname="DESKTOP-M3H47RD" ignored="0" name="Test-Name" tests="2" failures="1" timestamp="25 Sep 2017 12:13:22 GMT" time="5.477" errors="0">
  <testcase name="verifyElementstest" time="0.039" classname="com.LibreTaximeter.libreTaximeter.PassengerModeTest">
    <failure type="org.openqa.selenium.NoSuchSessionException" message="A session is either terminated or not started (WARNING: The server did not provide any stacktrace information)
Command duration or timeout: 13 milliseconds
Build info: version: &amp;apos;3.3.1&amp;apos;, revision: &amp;apos;5234b325d5&amp;apos;, time: &amp;apos;2017-03-10 09:10:29 +0000&amp;apos;
System info: host: &amp;apos;DESKTOP-M3H47RD&amp;apos;, ip: &amp;apos;172.22.224.1&amp;apos;, os.name: &amp;apos;Windows 10&amp;apos;, os.arch: &amp;apos;amd64&amp;apos;, os.version: &amp;apos;10.0&amp;apos;, java.version: &amp;apos;1.8.0_144&amp;apos;
Driver info: io.appium.java_client.android.AndroidDriver
Capabilities [{appPackage=com.tenone.aa, deviceScreenSize=800x1280, networkConnectionEnabled=true, warnings={}, databaseEnabled=false, deviceName=HJF0D0EN, version=4.4.2, platform=LINUX, deviceUDID=HJF0D0EN, appActivity=com.tenone.activity.SplashActivity, desired={appPackage=com.tenone.aa, appActivity=com.tenone.activity.SplashActivity, browserName=Android, platformName=Android, deviceName=H1001713000910, version=4.4.2}, platformVersion=4.4.2, webStorageEnabled=false, locationContextEnabled=false, takesScreenshot=true, browserName=Android, javascriptEnabled=true, deviceModel=Lenovo A5500-H, platformName=Android, deviceManufacturer=Lenovo}]
Session ID: dce98311-a9e6-4b59-a0ae-3adbc63115fa
*** Element info: {Using=id, value=com.tenone.aa:id/passengermode}">
      <![CDATA[org.openqa.selenium.NoSuchSessionException: A session is either terminated or not started (WARNING: The server did not provide any stacktrace information)
Command duration or timeout: 13 milliseconds
Build info: version: '3.3.1', revision: '5234b325d5', time: '2017-03-10 09:10:29 +0000'
System info: host: 'DESKTOP-M3H47RD', ip: '172.22.224.1', os.name: 'Windows 10', os.arch: 'amd64', os.version: '10.0', java.version: '1.8.0_144'
Driver info: io.appium.java_client.android.AndroidDriver
Capabilities [{appPackage=com.tenone.aa, deviceScreenSize=800x1280, networkConnectionEnabled=true, warnings={}, databaseEnabled=false, deviceName=HJF0D0EN, version=4.4.2, platform=LINUX, deviceUDID=HJF0D0EN, appActivity=com.tenone.activity.SplashActivity, desired={appPackage=com.tenone.aa, appActivity=com.tenone.activity.SplashActivity, browserName=Android, platformName=Android, deviceName=H1001713000910, version=4.4.2}, platformVersion=4.4.2, webStorageEnabled=false, locationContextEnabled=false, takesScreenshot=true, browserName=Android, javascriptEnabled=true, deviceModel=Lenovo A5500-H, platformName=Android, deviceManufacturer=Lenovo}]
Session ID: dce98311-a9e6-4b59-a0ae-3adbc63115fa
*** Element info: {Using=id, value=com.tenone.aa:id/passengermode}
	at org.openqa.selenium.remote.ErrorHandler.createThrowable(ErrorHandler.java:216)
	at org.openqa.selenium.remote.ErrorHandler.throwIfResponseFailed(ErrorHandler.java:168)
	at org.openqa.selenium.remote.RemoteWebDriver.execute(RemoteWebDriver.java:638)
	at io.appium.java_client.DefaultGenericMobileDriver.execute(DefaultGenericMobileDriver.java:42)
	at io.appium.java_client.AppiumDriver.execute(AppiumDriver.java:1)
	at io.appium.java_client.android.AndroidDriver.execute(AndroidDriver.java:1)
	at org.openqa.selenium.remote.RemoteWebDriver.findElement(RemoteWebDriver.java:371)
	at io.appium.java_client.DefaultGenericMobileDriver.findElement(DefaultGenericMobileDriver.java:62)
	at io.appium.java_client.AppiumDriver.findElement(AppiumDriver.java:1)
	at io.appium.java_client.android.AndroidDriver.findElement(AndroidDriver.java:1)
	at org.openqa.selenium.remote.RemoteWebDriver.findElementById(RemoteWebDriver.java:420)
	at io.appium.java_client.DefaultGenericMobileDriver.findElementById(DefaultGenericMobileDriver.java:70)
	at io.appium.java_client.AppiumDriver.findElementById(AppiumDriver.java:1)
	at io.appium.java_client.android.AndroidDriver.findElementById(AndroidDriver.java:1)
	at org.openqa.selenium.By$ById.findElement(By.java:218)
	at org.openqa.selenium.remote.RemoteWebDriver.findElement(RemoteWebDriver.java:363)
	at io.appium.java_client.DefaultGenericMobileDriver.findElement(DefaultGenericMobileDriver.java:58)
	at io.appium.java_client.AppiumDriver.findElement(AppiumDriver.java:1)
	at io.appium.java_client.android.AndroidDriver.findElement(AndroidDriver.java:1)
	at org.openqa.selenium.support.pagefactory.DefaultElementLocator.findElement(DefaultElementLocator.java:69)
	at org.openqa.selenium.support.pagefactory.internal.LocatingElementHandler.invoke(LocatingElementHandler.java:38)
	at com.sun.proxy.$Proxy8.click(Unknown Source)
	at com.LibreTaximeter.libreTaximeter.WelcomeScreen.verifyTapOnPassengerMode(WelcomeScreen.java:42)
	at com.LibreTaximeter.libreTaximeter.PassengerModeTest.verifyElementstest(PassengerModeTest.java:37)
... Removed 29 stack frames]]>
    </failure>
  </testcase> <!-- verifyElementstest -->
  <testcase name="driverModeElementsTest" time="5.416" classname="com.LibreTaximeter.libreTaximeter.SuccessfulPairingTest"/>
</testsuite> <!-- Test-Name -->
