<?xml version="1.0" encoding="UTF-8"?>
<!-- Generated by org.testng.reporters.JUnitReportReporter -->
<testsuite hostname="WINDOWS-CN1QL0J" name="com.LibreTaximeter.libreTaximeter.ForgotPasswordTest" tests="3" failures="0" timestamp="6 Oct 2017 12:27:22 GMT" time="76.821" errors="0">
  <testcase name="supportNumberTest" time="16.915" classname="com.LibreTaximeter.libreTaximeter.ForgotPasswordTest"/>
  <testcase name="verifyElementsTest" time="11.605" classname="com.LibreTaximeter.libreTaximeter.ForgotPasswordTest"/>
  <testcase name="okButtonTest" time="48.301" classname="com.LibreTaximeter.libreTaximeter.ForgotPasswordTest"/>
</testsuite> <!-- com.LibreTaximeter.libreTaximeter.ForgotPasswordTest -->
