<?xml version="1.0" encoding="UTF-8"?>
<!-- Generated by org.testng.reporters.JUnitReportReporter -->
<testsuite skipped="0" hostname="WINDOWS-CN1QL0J" name="com.LibreTaximeter.libreTaximeter.MyLibreSectionTest" tests="1" failures="0" timestamp="18 Oct 2017 14:17:36 GMT" time="68.390" errors="0">
  <testcase name="verifyElementsTest" time="68.390" classname="com.LibreTaximeter.libreTaximeter.MyLibreSectionTest"/>
</testsuite> <!-- com.LibreTaximeter.libreTaximeter.MyLibreSectionTest -->
