<?xml version="1.0" encoding="UTF-8"?>
<!-- Generated by org.testng.reporters.JUnitReportReporter -->
<testsuite skipped="0" hostname="WINDOWS-CN1QL0J" name="com.LibreTaximeter.libreTaximeter.HeaderTest" tests="2" failures="0" timestamp="18 Oct 2017 08:15:42 GMT" time="163.029" errors="0">
  <testcase name="verifyElements" time="74.827" classname="com.LibreTaximeter.libreTaximeter.HeaderTest"/>
  <testcase name="verifyTapOnEnTheDayTest" time="88.202" classname="com.LibreTaximeter.libreTaximeter.HeaderTest"/>
</testsuite> <!-- com.LibreTaximeter.libreTaximeter.HeaderTest -->
