<?xml version="1.0" encoding="UTF-8"?>
<!-- Generated by org.testng.reporters.JUnitReportReporter -->
<testsuite skipped="0" hostname="DESKTOP-M3H47RD" name="com.LibreTaximeter.libreTaximeter.LoginTaximeter" tests="1" failures="0" timestamp="08 Sep 2017 07:25:24 GMT" time="0.004" errors="0">
  <testcase name="login" time="0.004" classname="com.LibreTaximeter.libreTaximeter.LoginTaximeter"/>
</testsuite> <!-- com.LibreTaximeter.libreTaximeter.LoginTaximeter -->
